<?xml version="1.0" encoding="UTF-8"?>
<testsuite xmlns:xsi="http://www.w3.org/2001/XMLSchema-instance" xsi:noNamespaceSchemaLocation="https://maven.apache.org/surefire/maven-surefire-plugin/xsd/surefire-test-report.xsd" name="Questao02Test" time="0.047" tests="22" errors="0" skipped="0" failures="0">
  <properties>
    <property name="java.specification.version" value="17"/>
    <property name="sun.jnu.encoding" value="UTF-8"/>
    <property name="java.class.path" value="/home/paulo/NetBeansProjects/DesafioCapgemini/target/test-classes:/home/paulo/NetBeansProjects/DesafioCapgemini/target/classes:/home/paulo/.m2/repository/org/junit/jupiter/junit-jupiter-api/5.6.0/junit-jupiter-api-5.6.0.jar:/home/paulo/.m2/repository/org/apiguardian/apiguardian-api/1.1.0/apiguardian-api-1.1.0.jar:/home/paulo/.m2/repository/org/opentest4j/opentest4j/1.2.0/opentest4j-1.2.0.jar:/home/paulo/.m2/repository/org/junit/platform/junit-platform-commons/1.6.0/junit-platform-commons-1.6.0.jar:/home/paulo/.m2/repository/org/junit/jupiter/junit-jupiter-params/5.6.0/junit-jupiter-params-5.6.0.jar:/home/paulo/.m2/repository/org/junit/jupiter/junit-jupiter-engine/5.6.0/junit-jupiter-engine-5.6.0.jar:/home/paulo/.m2/repository/org/junit/platform/junit-platform-engine/1.6.0/junit-platform-engine-1.6.0.jar:"/>
    <property name="java.vm.vendor" value="Private Build"/>
    <property name="sun.arch.data.model" value="64"/>
    <property name="java.vendor.url" value="Unknown"/>
    <property name="user.country.format" value="BR"/>
    <property name="os.name" value="Linux"/>
    <property name="java.vm.specification.version" value="17"/>
    <property name="user.country" value="US"/>
    <property name="sun.java.launcher" value="SUN_STANDARD"/>
    <property name="sun.boot.library.path" value="/usr/lib/jvm/java-17-openjdk-amd64/lib"/>
    <property name="sun.java.command" value="/home/paulo/NetBeansProjects/DesafioCapgemini/target/surefire/surefirebooter198287995178389596.jar /home/paulo/NetBeansProjects/DesafioCapgemini/target/surefire 2022-03-03T23-46-45_569-jvmRun1 surefire3232800437586554795tmp surefire_012473952725052822398tmp"/>
    <property name="jdk.debug" value="release"/>
    <property name="surefire.test.class.path" value="/home/paulo/NetBeansProjects/DesafioCapgemini/target/test-classes:/home/paulo/NetBeansProjects/DesafioCapgemini/target/classes:/home/paulo/.m2/repository/org/junit/jupiter/junit-jupiter-api/5.6.0/junit-jupiter-api-5.6.0.jar:/home/paulo/.m2/repository/org/apiguardian/apiguardian-api/1.1.0/apiguardian-api-1.1.0.jar:/home/paulo/.m2/repository/org/opentest4j/opentest4j/1.2.0/opentest4j-1.2.0.jar:/home/paulo/.m2/repository/org/junit/platform/junit-platform-commons/1.6.0/junit-platform-commons-1.6.0.jar:/home/paulo/.m2/repository/org/junit/jupiter/junit-jupiter-params/5.6.0/junit-jupiter-params-5.6.0.jar:/home/paulo/.m2/repository/org/junit/jupiter/junit-jupiter-engine/5.6.0/junit-jupiter-engine-5.6.0.jar:/home/paulo/.m2/repository/org/junit/platform/junit-platform-engine/1.6.0/junit-platform-engine-1.6.0.jar:"/>
    <property name="sun.cpu.endian" value="little"/>
    <property name="user.home" value="/home/paulo"/>
    <property name="user.language" value="en"/>
    <property name="java.specification.vendor" value="Oracle Corporation"/>
    <property name="java.version.date" value="2021-10-19"/>
    <property name="java.home" value="/usr/lib/jvm/java-17-openjdk-amd64"/>
    <property name="file.separator" value="/"/>
    <property name="basedir" value="/home/paulo/NetBeansProjects/DesafioCapgemini"/>
    <property name="java.vm.compressedOopsMode" value="Zero based"/>
    <property name="line.separator" value="&#10;"/>
    <property name="java.specification.name" value="Java Platform API Specification"/>
    <property name="java.vm.specification.vendor" value="Oracle Corporation"/>
    <property name="surefire.real.class.path" value="/home/paulo/NetBeansProjects/DesafioCapgemini/target/surefire/surefirebooter198287995178389596.jar"/>
    <property name="sun.management.compiler" value="HotSpot 64-Bit Tiered Compilers"/>
    <property name="java.runtime.version" value="17.0.1+12-Ubuntu-120.04"/>
    <property name="user.name" value="paulo"/>
    <property name="path.separator" value=":"/>
    <property name="os.version" value="5.13.0-30-generic"/>
    <property name="java.runtime.name" value="OpenJDK Runtime Environment"/>
    <property name="file.encoding" value="UTF-8"/>
    <property name="java.vm.name" value="OpenJDK 64-Bit Server VM"/>
    <property name="maven.ext.class.path" value="/home/paulo/netbeans-12.6/netbeans/java/maven-nblib/netbeans-eventspy.jar"/>
    <property name="localRepository" value="/home/paulo/.m2/repository"/>
    <property name="java.vendor.url.bug" value="Unknown"/>
    <property name="java.io.tmpdir" value="/tmp"/>
    <property name="java.version" value="17.0.1"/>
    <property name="user.dir" value="/home/paulo/NetBeansProjects/DesafioCapgemini"/>
    <property name="os.arch" value="amd64"/>
    <property name="java.vm.specification.name" value="Java Virtual Machine Specification"/>
    <property name="user.language.format" value="pt"/>
    <property name="native.encoding" value="UTF-8"/>
    <property name="java.library.path" value="/usr/java/packages/lib:/usr/lib/x86_64-linux-gnu/jni:/lib/x86_64-linux-gnu:/usr/lib/x86_64-linux-gnu:/usr/lib/jni:/lib:/usr/lib"/>
    <property name="java.vm.info" value="mixed mode, sharing"/>
    <property name="java.vendor" value="Private Build"/>
    <property name="java.vm.version" value="17.0.1+12-Ubuntu-120.04"/>
    <property name="sun.io.unicode.encoding" value="UnicodeLittle"/>
    <property name="java.class.version" value="61.0"/>
  </properties>
  <testcase name="contaCarcacterForteFalta3casoDesafio" classname="Questao02Test" time="0"/>
  <testcase name="FaltaCarcacterForte0caso4" classname="Questao02Test" time="0"/>
  <testcase name="contaCarcacterForteFalta1caso3" classname="Questao02Test" time="0"/>
  <testcase name="contaCarcacterForteFalta1caso4" classname="Questao02Test" time="0"/>
  <testcase name="contaCarcacterForteFalta2caso2" classname="Questao02Test" time="0.001"/>
  <testcase name="contaCarcacterForteFalta2caso3" classname="Questao02Test" time="0.004"/>
  <testcase name="contaCarcacterForteFalta2caso4" classname="Questao02Test" time="0.001"/>
  <testcase name="contaCarcacterForteFalta3caso1" classname="Questao02Test" time="0.001"/>
  <testcase name="contaCarcacterForteFalta3caso2" classname="Questao02Test" time="0.001"/>
  <testcase name="contaCarcacterForteFalta3caso3" classname="Questao02Test" time="0.001"/>
  <testcase name="contaCarcacterForteFalta3caso4" classname="Questao02Test" time="0.001"/>
  <testcase name="contaCarcacterForteFalta4caso1" classname="Questao02Test" time="0.002"/>
  <testcase name="contaCarcacterForteFalta4caso2" classname="Questao02Test" time="0.001"/>
  <testcase name="contaCarcacterForteFalta4caso3" classname="Questao02Test" time="0.001"/>
  <testcase name="contaCarcacterForteFalta4caso4" classname="Questao02Test" time="0.001"/>
  <testcase name="contaCarcacterForteFalta5caso1" classname="Questao02Test" time="0.001"/>
  <testcase name="contaCarcacterForteFalta5caso2" classname="Questao02Test" time="0.001"/>
  <testcase name="contaCarcacterForteFalta5caso3" classname="Questao02Test" time="0.001"/>
  <testcase name="contaCarcacterForteFalta5caso4" classname="Questao02Test" time="0.001"/>
  <testcase name="contaCarcacterForteFalta31caso1" classname="Questao02Test" time="0.002"/>
  <testcase name="contaCarcacterForteFalta32caso1" classname="Questao02Test" time="0.001"/>
  <testcase name="contaCarcacterForteFalta33caso1" classname="Questao02Test" time="0"/>
</testsuite>